{
  "RSpec": {
    "coverage": {
      "/Users/brickstar/turing/2module/projects/little-shop-redux/spec/features/merchants/user_can_create_a_merchant_spec.rb": [
        1,
        null,
        1,
        1,
        1,
        1,
        null,
        1,
        null,
        1,
        1,
        1,
        null,
        1,
        1,
        1,
        null,
        null,
        null
      ],
      "/Users/brickstar/turing/2module/projects/little-shop-redux/spec/features/merchants/user_can_see_a_single_merchant_spec.rb": [
        1,
        null,
        1,
        1,
        1,
        1,
        1,
        1,
        null,
        1,
        1,
        1,
        null,
        1,
        null,
        1,
        null,
        1,
        null,
        1,
        null,
        1,
        null,
        1,
        null,
        null,
        null
      ],
      "/Users/brickstar/turing/2module/projects/little-shop-redux/spec/features/merchants/user_can_see_all_merchants_spec.rb": [
        1,
        null,
        1,
        1,
        1,
        1,
        1,
        1,
        1,
        null,
        1,
        null,
        1,
        1,
        null,
        null,
        null
      ],
      "/Users/brickstar/turing/2module/projects/little-shop-redux/spec/models/merchant_spec.rb": [
        1,
        1,
        1,
        1,
        null,
        1,
        null,
        1,
        1,
        null,
        1,
        null,
        null,
        null
      ]
    },
    "timestamp": 1530145323
  }
}
